<?xml version="1.0" encoding="UTF-8"?>
<!-- Generated by org.testng.reporters.JUnitReportReporter -->
<testsuite hostname="DESKTOP-NV6E2NO" failures="0" tests="1" name="com.bridgelabz.spotify.Spotify_API" time="4.030" errors="0" timestamp="01 Jul 2022 09:12:57 GMT" skipped="0">
  <testcase classname="com.bridgelabz.spotify.Spotify_API" name="GetTrack" time="4.030"/>
</testsuite> <!-- com.bridgelabz.spotify.Spotify_API -->
